<?xml version="1.0" encoding="UTF-8"?>
<!-- Generated by org.testng.reporters.JUnitXMLReporter -->
<testsuite ignored="0" hostname="Godzilla-ASUSDesktop" failures="0" tests="2" name="Test-Smoke" time="0.161" errors="0" timestamp="2023-09-21T22:27:25 MDT">
  <testcase classname="com.WebShopDemoProject.base.BaseClass" name="@BeforeMethod setup" time="0.004">
    <failure type="java.lang.NullPointerException" message="Cannot invoke &amp;quot;java.util.Properties.getProperty(String)&amp;quot; because &amp;quot;com.WebShopDemoProject.base.BaseClass.prop&amp;quot; is null">
      <![CDATA[java.lang.NullPointerException: Cannot invoke "java.util.Properties.getProperty(String)" because "com.WebShopDemoProject.base.BaseClass.prop" is null
at com.WebShopDemoProject.base.BaseClass.setup(BaseClass.java:75)
at java.base/java.util.ArrayList.forEach(ArrayList.java:1511)
... Removed 29 stack frames]]>
    </failure>
  </testcase> <!-- @BeforeMethod setup -->
  <testcase classname="com.WebShopDemoProject.base.BaseClass" name="@AfterMethod tearDown" time="-1.695356845169E9">
    <skipped/>
  </testcase> <!-- @AfterMethod tearDown -->
  <testcase classname="com.WebShopDemoProject.base.BaseClass" name="@BeforeMethod setup" time="-1.695356845171E9">
    <skipped/>
  </testcase> <!-- @BeforeMethod setup -->
  <testcase classname="com.WebShopDemoProject.base.BaseClass" name="@AfterMethod tearDown" time="-1.695356845173E9">
    <skipped/>
  </testcase> <!-- @AfterMethod tearDown -->
  <testcase classname="com.WebShopDemoProject.TestCases.LandingPage_TC" name="verifyWebShopLogo_Test" time="0.0">
    <skipped/>
  </testcase> <!-- verifyWebShopLogo_Test -->
  <testcase classname="com.WebShopDemoProject.TestCases.LandingPage_TC" name="verifyWebShopWebPageTitle_Test" time="0.0">
    <skipped/>
  </testcase> <!-- verifyWebShopWebPageTitle_Test -->
</testsuite> <!-- Test-Smoke -->
