<?xml version="1.0" encoding="UTF-8"?>
<!-- Generated by org.testng.reporters.JUnitReportReporter -->
<testsuite hostname="Godzilla-ASUSDesktop" failures="0" tests="1" name="com.WebShopDemo.TestCases.TC_LoginPage" time="10.216" errors="0" timestamp="2023-09-13T16:48:00 MDT" skipped="0">
  <testcase classname="com.WebShopDemo.TestCases.TC_LoginPage" name="loginTest" time="10.216"/>
  <system-out/>
</testsuite> <!-- com.WebShopDemo.TestCases.TC_LoginPage -->
