<?xml version="1.0" encoding="UTF-8"?>
<!-- Generated by org.testng.reporters.JUnitReportReporter -->
<testsuite hostname="Godzilla-ASUSDesktop" failures="0" tests="1" name="com.WebShopDemoProject.TestCases.LoginPage_DDTC" time="22.754" errors="0" timestamp="2023-09-21T22:17:47 MDT" skipped="0">
  <testcase classname="com.WebShopDemoProject.TestCases.LoginPage_DDTC" name="loginTest" time="22.754"/>
  <system-out/>
</testsuite> <!-- com.WebShopDemoProject.TestCases.LoginPage_DDTC -->
