<?xml version="1.0" encoding="UTF-8"?>
<!-- Generated by org.testng.reporters.JUnitReportReporter -->
<testsuite hostname="Godzilla-ASUSDesktop" failures="0" tests="3" name="com.WebShopDemoProject.TestCases.HomePage_TC" time="10.425" errors="0" timestamp="2023-09-21T18:59:44 MDT" skipped="0">
  <testcase classname="com.WebShopDemoProject.TestCases.HomePage_TC" name="wishListValidation_Test" time="3.487"/>
  <system-out/>
  <testcase classname="com.WebShopDemoProject.TestCases.HomePage_TC" name="getWishListlabel_Test" time="3.486"/>
  <system-out/>
  <testcase classname="com.WebShopDemoProject.TestCases.HomePage_TC" name="wishListlabelvalidatecontent_Test" time="3.452"/>
  <system-out/>
</testsuite> <!-- com.WebShopDemoProject.TestCases.HomePage_TC -->
