<?xml version="1.0" encoding="UTF-8"?>
<!-- Generated by org.testng.reporters.JUnitReportReporter -->
<testsuite hostname="Godzilla-ASUSDesktop" failures="0" tests="1" name="com.WebShopDemo.TestCases.TC_AccountCreation" time="6.957" errors="0" timestamp="2023-09-15T10:43:18 MDT" skipped="0">
  <testcase classname="com.WebShopDemo.TestCases.TC_AccountCreation" name="registerNewAccount" time="6.957"/>
  <system-out/>
</testsuite> <!-- com.WebShopDemo.TestCases.TC_AccountCreation -->
