<?xml version="1.0" encoding="UTF-8"?>
<!-- Generated by org.testng.reporters.JUnitReportReporter -->
<testsuite hostname="Godzilla-ASUSDesktop" failures="0" tests="1" name="com.WebShopDemo.TestCases.Buy_AddtoCart_TC1" time="19.714" errors="0" timestamp="2023-09-16T19:01:22 MDT" skipped="0">
  <testcase classname="com.WebShopDemo.TestCases.Buy_AddtoCart_TC1" name="addToCartTest" time="19.714"/>
  <system-out/>
</testsuite> <!-- com.WebShopDemo.TestCases.Buy_AddtoCart_TC1 -->
