<?xml version="1.0" encoding="UTF-8"?>
<!-- Generated by org.testng.reporters.JUnitReportReporter -->
<testsuite hostname="Godzilla-ASUSDesktop" failures="0" tests="1" name="com.WebShopDemo.TestCases.AccountCreation_TC" time="26.713" errors="0" timestamp="2023-09-20T17:08:07 MDT" skipped="0">
  <testcase classname="com.WebShopDemo.TestCases.AccountCreation_TC" name="registerNewAccount_Test" time="26.713"/>
  <system-out/>
</testsuite> <!-- com.WebShopDemo.TestCases.AccountCreation_TC -->
