<?xml version="1.0" encoding="UTF-8"?>
<!-- Generated by org.testng.reporters.JUnitReportReporter -->
<testsuite hostname="Godzilla-ASUSDesktop" failures="0" tests="3" name="com.WebShopDemo.TestCases.HomePage_TC" time="10.429" errors="0" timestamp="2023-09-20T17:08:07 MDT" skipped="0">
  <testcase classname="com.WebShopDemo.TestCases.HomePage_TC" name="getWishListlabel_Test" time="3.521"/>
  <system-out/>
  <testcase classname="com.WebShopDemo.TestCases.HomePage_TC" name="wishListlabelvalidatecontent_Test" time="3.457"/>
  <system-out/>
  <testcase classname="com.WebShopDemo.TestCases.HomePage_TC" name="wishListValidation_Test" time="3.451"/>
  <system-out/>
</testsuite> <!-- com.WebShopDemo.TestCases.HomePage_TC -->
