<?xml version="1.0" encoding="UTF-8"?>
<!-- Generated by org.testng.reporters.JUnitReportReporter -->
<testsuite hostname="Godzilla-ASUSDesktop" failures="0" tests="1" name="com.WebShopDemoProject.TestCases.AccountCreation_TC" time="27.690" errors="0" timestamp="2023-09-21T18:59:44 MDT" skipped="0">
  <testcase classname="com.WebShopDemoProject.TestCases.AccountCreation_TC" name="registerNewAccount_Test" time="27.690"/>
  <system-out/>
</testsuite> <!-- com.WebShopDemoProject.TestCases.AccountCreation_TC -->
