<?xml version="1.0" encoding="UTF-8"?>
<!-- Generated by org.testng.reporters.JUnitReportReporter -->
<testsuite hostname="Godzilla-ASUSDesktop" failures="0" tests="1" name="com.WebShopDemo.TestCases.Buy_1CreateOrder_TC1" time="18.457" errors="0" timestamp="2023-09-16T23:58:23 MDT" skipped="0">
  <testcase classname="com.WebShopDemo.TestCases.Buy_1CreateOrder_TC1" name="addToCartTest" time="18.457"/>
  <system-out/>
</testsuite> <!-- com.WebShopDemo.TestCases.Buy_1CreateOrder_TC1 -->
