<?xml version="1.0" encoding="UTF-8"?>
<!-- Generated by org.testng.reporters.JUnitReportReporter -->
<testsuite hostname="Godzilla-ASUSDesktop" failures="0" tests="2" name="com.WebShopDemo.TestCases.TC_LandingPage" time="0.057" errors="0" timestamp="2023-09-15T10:21:11 MDT" skipped="0">
  <testcase classname="com.WebShopDemo.TestCases.TC_LandingPage" name="verifyWebShopLogo" time="0.053"/>
  <system-out/>
  <testcase classname="com.WebShopDemo.TestCases.TC_LandingPage" name="verifyWebShopWebPageTitle" time="0.004"/>
  <system-out/>
</testsuite> <!-- com.WebShopDemo.TestCases.TC_LandingPage -->
