<?xml version="1.0" encoding="UTF-8"?>
<!-- Generated by org.testng.reporters.JUnitReportReporter -->
<testsuite hostname="Godzilla-ASUSDesktop" failures="0" tests="1" name="com.WebShopDemo.TestCases.LoginPage_DDTC" time="22.620" errors="0" timestamp="2023-09-20T17:08:07 MDT" skipped="0">
  <testcase classname="com.WebShopDemo.TestCases.LoginPage_DDTC" name="loginTest" time="22.620"/>
  <system-out/>
</testsuite> <!-- com.WebShopDemo.TestCases.LoginPage_DDTC -->
