<?xml version="1.0" encoding="UTF-8"?>
<!-- Generated by org.testng.reporters.JUnitReportReporter -->
<testsuite hostname="Godzilla-ASUSDesktop" failures="0" tests="2" name="com.WebShopDemo.TestCases.Buy_2CreateBilling_TC2" time="52.007" errors="0" timestamp="2023-09-16T23:58:23 MDT" skipped="0">
  <testcase classname="com.WebShopDemo.TestCases.Buy_2CreateBilling_TC2" name="CompleteOrderTest" time="17.472"/>
  <system-out/>
  <testcase classname="com.WebShopDemo.TestCases.Buy_2CreateBilling_TC2" name="AddShipBillAddrTest" time="34.535"/>
  <system-out/>
</testsuite> <!-- com.WebShopDemo.TestCases.Buy_2CreateBilling_TC2 -->
