<?xml version="1.0" encoding="UTF-8"?>
<!-- Generated by org.testng.reporters.JUnitReportReporter -->
<testsuite hostname="Godzilla-ASUSDesktop" failures="0" tests="2" name="com.WebShopDemo.TestCases.Buy_2EstimateShippingCosts_TC2" time="57.146" errors="0" timestamp="2023-09-16T19:22:15 MDT" skipped="0">
  <testcase classname="com.WebShopDemo.TestCases.Buy_2EstimateShippingCosts_TC2" name="AddShipBillAddrTest" time="29.927"/>
  <system-out/>
  <testcase classname="com.WebShopDemo.TestCases.Buy_2EstimateShippingCosts_TC2" name="CompleteOrderTest" time="27.219"/>
  <system-out/>
</testsuite> <!-- com.WebShopDemo.TestCases.Buy_2EstimateShippingCosts_TC2 -->
