<?xml version="1.0" encoding="UTF-8"?>
<!-- Generated by org.testng.reporters.JUnitReportReporter -->
<testsuite hostname="Godzilla-ASUSDesktop" failures="0" tests="1" name="com.WebShopDemo.TestCases.AddtoCart_TC1" time="19.340" errors="0" timestamp="2023-09-16T17:55:40 MDT" skipped="0">
  <testcase classname="com.WebShopDemo.TestCases.AddtoCart_TC1" name="addToCartTest" time="19.340"/>
  <system-out/>
</testsuite> <!-- com.WebShopDemo.TestCases.AddtoCart_TC1 -->
