<?xml version="1.0" encoding="UTF-8"?>
<!-- Generated by org.testng.reporters.JUnitReportReporter -->
<testsuite hostname="Godzilla-ASUSDesktop" failures="0" tests="2" name="com.WebShopDemo.TestCases.CreatePurchaseOrder_DDTC1" time="136.489" errors="0" timestamp="2023-09-20T17:08:07 MDT" skipped="0">
  <testcase classname="com.WebShopDemo.TestCases.CreatePurchaseOrder_DDTC1" name="CreatePurchaseOrder_Test" time="68.245"/>
  <system-out/>
  <testcase classname="com.WebShopDemo.TestCases.CreatePurchaseOrder_DDTC1" name="CreatePurchaseOrder_Test" time="68.244"/>
  <system-out/>
</testsuite> <!-- com.WebShopDemo.TestCases.CreatePurchaseOrder_DDTC1 -->
