<?xml version="1.0" encoding="UTF-8"?>
<!-- Generated by org.testng.reporters.JUnitReportReporter -->
<testsuite hostname="Godzilla-ASUSDesktop" failures="0" tests="1" name="com.WebShopDemo.TestCases.AddtoCart_TC" time="3.108" errors="0" timestamp="2023-09-15T15:26:07 MDT" skipped="0">
  <testcase classname="com.WebShopDemo.TestCases.AddtoCart_TC" name="addToCartTest" time="3.108"/>
  <system-out/>
</testsuite> <!-- com.WebShopDemo.TestCases.AddtoCart_TC -->
