<?xml version="1.0" encoding="UTF-8"?>
<!-- Generated by org.testng.reporters.JUnitReportReporter -->
<testsuite hostname="Godzilla-ASUSDesktop" failures="0" tests="1" name="com.WebShopDemo.TestCases.Buy_2CreateBilling_TC3" time="12.818" errors="0" timestamp="2023-09-17T00:24:19 MDT" skipped="0">
  <testcase classname="com.WebShopDemo.TestCases.Buy_2CreateBilling_TC3" name="test1" time="12.818"/>
  <system-out/>
</testsuite> <!-- com.WebShopDemo.TestCases.Buy_2CreateBilling_TC3 -->
