<?xml version="1.0" encoding="UTF-8"?>
<!-- Generated by org.testng.reporters.JUnitReportReporter -->
<testsuite hostname="Godzilla-ASUSDesktop" failures="0" tests="3" name="com.WebShopDemo.TestCases.TC_HomePage" time="10.516" errors="0" timestamp="2023-09-15T10:40:38 MDT" skipped="0">
  <testcase classname="com.WebShopDemo.TestCases.TC_HomePage" name="wishListValidation" time="3.464"/>
  <system-out/>
  <testcase classname="com.WebShopDemo.TestCases.TC_HomePage" name="getWishListlabel" time="3.569"/>
  <system-out/>
  <testcase classname="com.WebShopDemo.TestCases.TC_HomePage" name="wishListlabelvalidatecontent" time="3.483"/>
  <system-out/>
</testsuite> <!-- com.WebShopDemo.TestCases.TC_HomePage -->
