<?xml version="1.0" encoding="UTF-8"?>
<!-- Generated by org.testng.reporters.JUnitReportReporter -->
<testsuite hostname="Godzilla-ASUSDesktop" failures="0" tests="3" name="com.WebShopDemoProject.TestCases.HomePage_TC" time="10.454" errors="0" timestamp="2023-09-21T22:17:47 MDT" skipped="0">
  <testcase classname="com.WebShopDemoProject.TestCases.HomePage_TC" name="getWishListlabel_Test" time="3.501"/>
  <system-out/>
  <testcase classname="com.WebShopDemoProject.TestCases.HomePage_TC" name="wishListlabelvalidatecontent_Test" time="3.460"/>
  <system-out/>
  <testcase classname="com.WebShopDemoProject.TestCases.HomePage_TC" name="wishListValidation_Test" time="3.493"/>
  <system-out/>
</testsuite> <!-- com.WebShopDemoProject.TestCases.HomePage_TC -->
