<?xml version="1.0" encoding="UTF-8"?>
<!-- Generated by org.testng.reporters.JUnitReportReporter -->
<testsuite hostname="Godzilla-ASUSDesktop" failures="0" tests="2" name="com.WebShopDemoProject.TestCases.CreatePurchaseOrder_DDTC1" time="137.922" errors="0" timestamp="2023-09-21T18:59:44 MDT" skipped="0">
  <testcase classname="com.WebShopDemoProject.TestCases.CreatePurchaseOrder_DDTC1" name="CreatePurchaseOrder_Test" time="68.417"/>
  <system-out/>
  <testcase classname="com.WebShopDemoProject.TestCases.CreatePurchaseOrder_DDTC1" name="CreatePurchaseOrder_Test" time="69.505"/>
  <system-out/>
</testsuite> <!-- com.WebShopDemoProject.TestCases.CreatePurchaseOrder_DDTC1 -->
