<?xml version="1.0" encoding="UTF-8"?>
<!-- Generated by org.testng.reporters.JUnitReportReporter -->
<testsuite hostname="Godzilla-ASUSDesktop" failures="0" tests="1" name="com.WebShopDemo.TestCases.CreatePurchaseOrder_TC" time="69.303" errors="0" timestamp="2023-09-19T09:02:46 MDT" skipped="0">
  <testcase classname="com.WebShopDemo.TestCases.CreatePurchaseOrder_TC" name="CreatePurchaseOrder_Test" time="69.303"/>
  <system-out/>
</testsuite> <!-- com.WebShopDemo.TestCases.CreatePurchaseOrder_TC -->
