<?xml version="1.0" encoding="UTF-8"?>
<!-- Generated by org.testng.reporters.JUnitReportReporter -->
<testsuite hostname="Godzilla-ASUSDesktop" failures="0" tests="1" name="com.WebShopDemo.TestCases.TC_SearchResultPage" time="1.112" errors="0" timestamp="2023-09-15T13:17:13 MDT" skipped="0">
  <testcase classname="com.WebShopDemo.TestCases.TC_SearchResultPage" name="searchForProduct" time="1.112"/>
  <system-out/>
</testsuite> <!-- com.WebShopDemo.TestCases.TC_SearchResultPage -->
