<?xml version="1.0" encoding="UTF-8"?>
<!-- Generated by org.testng.reporters.JUnitReportReporter -->
<testsuite hostname="Godzilla-ASUSDesktop" failures="0" tests="1" name="com.WebShopDemo.TestCases.CreateOrder_TC2" time="58.491" errors="0" timestamp="2023-09-16T17:55:40 MDT" skipped="0">
  <testcase classname="com.WebShopDemo.TestCases.CreateOrder_TC2" name="CreateOrderTest" time="58.491"/>
  <system-out/>
</testsuite> <!-- com.WebShopDemo.TestCases.CreateOrder_TC2 -->
